2026-01-27 01:37:27,202 | INFO | Train data loaded: 5169 rows
2026-01-27 01:37:27,621 | INFO | cv.fold_1.accuracy=0.9720
2026-01-27 01:37:27,621 | INFO | cv.fold_2.accuracy=0.9768
2026-01-27 01:37:27,621 | INFO | cv.fold_3.accuracy=0.9787
2026-01-27 01:37:27,621 | INFO | cv.fold_4.accuracy=0.9720
2026-01-27 01:37:27,621 | INFO | cv.fold_5.accuracy=0.9768
2026-01-27 01:37:27,622 | INFO | cv.accuracy_mean=0.9752 cv.accuracy_std=0.0028
2026-01-27 01:37:27,622 | INFO | cv.fold_1.precision=0.9810
2026-01-27 01:37:27,622 | INFO | cv.fold_2.precision=0.9908
2026-01-27 01:37:27,622 | INFO | cv.fold_3.precision=0.9823
2026-01-27 01:37:27,622 | INFO | cv.fold_4.precision=0.9554
2026-01-27 01:37:27,622 | INFO | cv.fold_5.precision=0.9818
2026-01-27 01:37:27,622 | INFO | cv.precision_mean=0.9783 cv.precision_std=0.0120
2026-01-27 01:37:27,622 | INFO | cv.fold_1.recall=0.7923
2026-01-27 01:37:27,622 | INFO | cv.fold_2.recall=0.8244
2026-01-27 01:37:27,622 | INFO | cv.fold_3.recall=0.8473
2026-01-27 01:37:27,622 | INFO | cv.fold_4.recall=0.8168
2026-01-27 01:37:27,622 | INFO | cv.fold_5.recall=0.8308
2026-01-27 01:37:27,622 | INFO | cv.recall_mean=0.8223 cv.recall_std=0.0181
2026-01-27 01:37:27,622 | INFO | cv.fold_1.f1=0.8766
2026-01-27 01:37:27,622 | INFO | cv.fold_2.f1=0.9000
2026-01-27 01:37:27,622 | INFO | cv.fold_3.f1=0.9098
2026-01-27 01:37:27,622 | INFO | cv.fold_4.f1=0.8807
2026-01-27 01:37:27,622 | INFO | cv.fold_5.f1=0.9000
2026-01-27 01:37:27,622 | INFO | cv.f1_mean=0.8934 cv.f1_std=0.0127
2026-01-27 01:37:27,708 | INFO | Training completed
2026-01-27 01:37:27,719 | INFO | Model saved to /Users/emin/Documents/Преподавание/Курсы/Курс по MLOps/Проекты/spam_classifier/spam_classifier/models/spam_classifier_v0.1.0.pkl
